
Exception handled 20/07/16 at 9:52:19 AM by MainExceptionHandler
Division by zero
Exception Address: 004C6393
Information about Source of Exception
Unit: 
Method: 
Line: 0

Exception handled 20/07/16 at 11:23:52 PM by MainExceptionHandler
Division by zero
Exception Address: 004C63BB
Information about Source of Exception
Unit: 
Method: 
Line: 0

Exception handled 20/07/16 at 11:24:31 PM by MainExceptionHandler
Division by zero
Exception Address: 004C63BB
Information about Source of Exception
Unit: 
Method: 
Line: 0
